[Task][2023-11-08 17:10:04] 2023/11/08 17:10:04 [Error] [获取ssh执行参数] 筛选符合条件的主机失败: 筛选机器条件规则进行json解析失败
[Task][2023-11-08 17:17:04] 2023/11/08 17:17:04 [Error] [获取ssh执行参数] 筛选符合条件的主机失败: 筛选机器条件规则进行json解析失败
[Task][2023-11-08 17:22:35] 2023/11/08 17:22:35 [Error] [获取ssh执行参数] 筛选符合条件的主机失败: 筛选机器条件规则进行json解析失败
[Task][2023-11-08 17:35:47] 2023/11/08 17:35:47 [Error] [获取ssh执行参数] 筛选符合条件的主机失败: 筛选机器条件规则进行json解析失败
[Task][2023-11-08 17:36:59] 2023/11/08 17:36:59 [Error] [获取ssh执行参数] 筛选符合条件的主机失败: 筛选机器条件规则进行json解析失败
[Task][2023-11-08 17:40:32] 2023/11/08 17:40:32 [Error] [获取ssh执行参数] 筛选符合条件的主机失败: 筛选机器条件规则进行json解析失败
[Task][2023-11-08 17:41:32] 2023/11/08 17:41:32 [Error] [获取ssh执行参数] 筛选符合条件的主机失败: 筛选机器条件规则进行json解析失败
[Task][2023-11-08 17:47:15] 2023/11/08 17:47:15 [Error] [获取ssh执行参数] 筛选符合条件的主机失败: 筛选机器条件规则进行json解析失败
[Task][2023-11-08 18:13:36] 2023/11/08 18:13:36 [Error] [获取ssh执行参数] 筛选符合条件的主机失败: 筛选机器条件规则进行json解析失败
[Task][2023-11-09 10:34:58] 2023/11/09 10:34:58 [Error] [创建/修改任务模板] 记录数查询失败
[Task][2023-11-09 10:35:02] 2023/11/09 10:35:02 [Error] [创建/修改任务模板] 参数有误
[Task][2023-11-09 10:35:04] 2023/11/09 10:35:04 [Error] [创建/修改任务模板] 记录数查询失败
[Task][2023-11-09 11:35:03] 2023/11/09 11:35:03 [Error] [获取ssh执行参数] 选定的装服数量 和 指定装服数 不等，请检查服务器资源是否足够
[Task][2023-11-09 11:36:04] 2023/11/09 11:36:04 [Error] [获取ssh执行参数] 选定的装服数量 和 指定装服数 不等，请检查服务器资源是否足够
[Task][2023-11-09 11:36:31] 2023/11/09 11:36:31 [Error] [获取ssh执行参数] 选定的装服数量 和 指定装服数 不等，请检查服务器资源是否足够
[Task][2023-11-09 18:34:25] 2023/11/09 18:34:25 [Error] [创建/修改任务模板] 该项目中的 任务类型的 任务名已被使用
[Task][2023-11-09 18:35:08] 2023/11/09 18:35:08 [Error] [获取ssh执行参数] cmdTem/configTem 渲染变量失败: 无法解析CMD模板: template: cmdTem:1: function "test" not defined
[Task][2023-11-10 10:28:10] 2023/11/10 10:28:10 [Error] [获取ssh执行参数] 参数字段进行json解析失败: unexpected end of JSON input
[Task][2023-11-10 10:31:57] 2023/11/10 10:31:57 [Error] [获取ssh执行参数] 筛选符合条件的主机失败: 筛选机器条件规则进行json解析失败
[Task][2023-11-10 15:23:35] 2023/11/10 15:23:35 [Error] [获取ssh执行参数] 请检查: IP、端口、用户名这些切片是否一一对应
[Task][2023-11-10 15:24:24] 2023/11/10 15:24:24 [Error] [获取ssh执行参数] 请检查: IP、端口、用户名这些切片是否一一对应
[Task][2023-11-10 15:24:37] 2023/11/10 15:24:37 [Error] [获取ssh执行参数] 请检查: IP、端口、用户名这些切片是否一一对应
[Task][2023-11-10 15:26:07] 2023/11/10 15:26:07 [Error] [获取ssh执行参数] 请检查: IP、端口、用户名这些切片是否一一对应
[Task][2023-11-10 16:05:27] 2023/11/10 16:05:27 [Error] [获取ssh执行参数] 请检查: IP、端口、用户名这些切片是否一一对应
[Task][2023-11-10 16:11:37] 2023/11/10 16:11:37 [Error] [获取ssh执行参数] 请检查: IP、端口、用户名这些切片是否一一对应
[Task][2023-11-10 16:13:10] 2023/11/10 16:13:10 [Error] [获取ssh执行参数] 请检查: IP、端口、用户名这些切片是否一一对应
[Task][2023-11-10 17:12:36] 2023/11/10 17:12:36 [Error] [获取ssh执行参数] cmdTem/configTem 渲染变量失败: CMD模板有变量没有获取对应解析 echo "/data/test10 <no value> a <no value>"
[Task][2023-11-10 17:15:04] 2023/11/10 17:15:04 [Error] [获取ssh执行参数] cmdTem/configTem 渲染变量失败: Config模板有变量没有获取对应解析 echo "/data/test10 <no value> a"
[Task][2023-11-10 18:02:14] 2023/11/10 18:02:14 [Error] [获取ssh执行参数] IP切片中有值为空字符串
[Task][2023-11-11 18:55:33] 2023/11/11 18:55:33 [Error] [获取ssh执行参数] IP切片中有值为空字符串
[Task][2023-11-11 18:58:08] 2023/11/11 18:58:08 [Error] [获取ssh执行参数] IP切片中有值为空字符串
[Task][2023-11-11 18:59:56] 2023/11/11 18:59:56 [Error] [获取ssh执行参数] IP切片中有值为空字符串
[Task][2023-11-11 19:06:55] 2023/11/11 19:06:55 [Error] [获取ssh执行参数] IP切片中有值为空字符串
[Task][2023-11-11 19:08:01] 2023/11/11 19:08:01 [Error] [获取ssh执行参数] IP切片中有值为空字符串
[Task][2023-11-11 19:08:43] 2023/11/11 19:08:43 [Error] [获取ssh执行参数] IP切片中有值为空字符串
[Task][2023-11-11 19:10:06] 2023/11/11 19:10:06 [Error] [获取ssh执行参数] IP切片中有值为空字符串
[Task][2023-11-11 19:13:49] 2023/11/11 19:13:49 [Error] [获取ssh执行参数] IP切片中有值为空字符串
[Task][2023-11-11 19:17:41] 2023/11/11 19:17:41 [Error] [获取ssh执行参数] IP切片中有值为空字符串
[Task][2023-11-11 19:17:59] 2023/11/11 19:17:59 [Error] [获取ssh执行参数] IP切片中有值为空字符串
[Task][2023-11-11 19:18:17] 2023/11/11 19:18:17 [Error] [获取ssh执行参数] IP切片中有值为空字符串
[Task][2023-11-11 19:18:35] 2023/11/11 19:18:35 [Error] [获取ssh执行参数] IP切片中有值为空字符串
[Task][2023-11-11 19:24:51] 2023/11/11 19:24:51 [Error] [获取ssh执行参数] IP切片中有值为空字符串
