[Service][2023-09-22 17:14:43] 2023/09/22 17:14:43 [Error] [Idsrequired] Key: 'IdsReq.Ids' Error:Field validation for 'Ids' failed on the 'required' tag
[Service][2023-09-22 17:20:43] 2023/09/22 17:20:43 [Error] [Idsrequired] Key: 'IdsReq.Ids' Error:Field validation for 'Ids' failed on the 'required' tag
[Service][2023-09-22 17:23:22] 2023/09/22 17:23:22 [Error] [Idsrequired] Key: 'IdsReq.Ids' Error:Field validation for 'Ids' failed on the 'required' tag
[Service][2023-09-22 17:27:29] 2023/09/22 17:27:29 [Error] [Idsrequired] Key: 'IdsReq.Ids' Error:Field validation for 'Ids' failed on the 'required' tag
[Service][2023-09-22 17:27:52] 2023/09/22 17:27:52 [Error] [Idsrequired] Key: 'IdsReq.Ids' Error:Field validation for 'Ids' failed on the 'required' tag
[Service][2023-09-22 17:31:57] 2023/09/22 17:31:57 [Error] [Idsrequired] Key: 'IdsReq.Ids' Error:Field validation for 'Ids' failed on the 'required' tag
[Service][2023-09-22 17:43:05] 2023/09/22 17:43:05 [Error] [Idsrequired] Key: 'IdsReq.Ids' Error:Field validation for 'Ids' failed on the 'required' tag
[Service][2023-09-22 17:44:09] 2023/09/22 17:44:09 [Error] [参数错误] invalid character 'i' looking for beginning of value
[Service][2023-09-22 17:50:11] 2023/09/22 17:50:11 [Error] [参数错误] invalid character 'i' looking for beginning of value
[Service][2023-09-22 17:50:13] 2023/09/22 17:50:13 [Error] [参数错误] invalid character 'i' looking for beginning of value
[Service][2023-09-22 17:50:15] 2023/09/22 17:50:15 [Error] [参数错误] invalid character 'i' looking for beginning of value
[Service][2023-09-22 17:53:14] 2023/09/22 17:53:14 [Error] [Idsrequired] Key: 'IdsReq.Ids' Error:Field validation for 'Ids' failed on the 'required' tag
[Service][2023-09-22 17:53:54] 2023/09/22 17:53:54 [Error] [Idsrequired] Key: 'IdsReq.Ids' Error:Field validation for 'Ids' failed on the 'required' tag
[Service][2023-09-22 17:55:41] 2023/09/22 17:55:41 [Error] [Idsrequired] Key: 'IdsReq.Ids' Error:Field validation for 'Ids' failed on the 'required' tag
[Service][2023-09-22 17:57:18] 2023/09/22 17:57:18 [Error] [Idsrequired] Key: 'IdsReq.Ids' Error:Field validation for 'Ids' failed on the 'required' tag
[Service][2023-09-22 17:57:23] 2023/09/22 17:57:23 [Error] [Idsrequired] Key: 'IdsReq.Ids' Error:Field validation for 'Ids' failed on the 'required' tag
[Service][2023-09-22 17:57:27] 2023/09/22 17:57:27 [Error] [Idsrequired] Key: 'IdsReq.Ids' Error:Field validation for 'Ids' failed on the 'required' tag
[Service][2023-09-22 17:58:37] 2023/09/22 17:58:37 [Error] [Idsrequired] Key: 'IdsReq.Ids' Error:Field validation for 'Ids' failed on the 'required' tag
[Service][2023-09-22 17:58:41] 2023/09/22 17:58:41 [Error] [Idsrequired] Key: 'IdsReq.Ids' Error:Field validation for 'Ids' failed on the 'required' tag
[Service][2023-09-22 17:58:53] 2023/09/22 17:58:53 [Error] [Idsrequired] Key: 'IdsReq.Ids' Error:Field validation for 'Ids' failed on the 'required' tag
[Service][2023-09-22 18:09:43] 2023/09/22 18:09:43 [Error] [Idsrequired] Key: 'IdsReq.Ids' Error:Field validation for 'Ids' failed on the 'required' tag
[Service][2023-09-22 18:10:17] 2023/09/22 18:10:17 [Error] [Idsrequired] Key: 'IdsReq.Ids' Error:Field validation for 'Ids' failed on the 'required' tag
[Service][2023-09-22 18:11:32] 2023/09/22 18:11:32 [Error] [获取用户个人信息失败] 用户不存在
[Service][2023-09-22 18:14:04] 2023/09/22 18:14:04 [Error] [参数错误] invalid character 'i' looking for beginning of value
[Service][2023-09-22 18:14:22] 2023/09/22 18:14:22 [Error] [参数错误] invalid character '-' in numeric literal
[Service][2023-09-22 18:18:01] 2023/09/22 18:18:01 [Error] [删除失败] 用户不存在
[Service][2023-09-25 12:09:41] 2023/09/25 12:09:41 [Error] [参数错误] 用户不存在
[Service][2023-09-25 12:09:50] 2023/09/25 12:09:50 [Error] [参数错误] 用户不存在
[Service][2023-09-25 12:16:05] 2023/09/25 12:16:05 [Error] [参数错误] 用户不存在
[Service][2023-09-25 12:16:42] 2023/09/25 12:16:42 [Error] [参数错误] 用户不存在
[Service][2023-09-25 12:17:30] 2023/09/25 12:17:30 [Error] [参数错误] 用户不存在
[Service][2023-09-25 12:18:32] 2023/09/25 12:18:32 [Error] [参数错误] 用户不存在
[Service][2023-09-25 12:18:51] 2023/09/25 12:18:51 [Error] [参数错误] 用户不存在
[Service][2023-09-25 12:21:45] 2023/09/25 12:21:45 [Error] [参数错误] 用户不存在
[Service][2023-09-25 12:25:55] 2023/09/25 12:25:55 [Error] [参数错误] 账号已经注册
[Service][2023-09-25 12:26:59] 2023/09/25 12:26:59 [Error] [参数错误] 账号已经注册
[Service][2023-09-25 12:52:35] 2023/09/25 12:52:35 [Error] [参数错误] 电话格式错误
[Service][2023-09-25 12:52:55] 2023/09/25 12:52:55 [Error] [参数错误] 账号已经注册
[Service][2023-09-25 13:02:50] 2023/09/25 13:02:50 [Error] [参数错误] 账号名称已经注册
[Service][2023-09-25 13:04:15] 2023/09/25 13:04:15 [Error] [Passwordrequired] Key: 'Password.Password' Error:Field validation for 'Password' failed on the 'required' tag
[Service][2023-09-25 13:05:12] 2023/09/25 13:05:12 [Error] [Passwordrequired] Key: 'Password.Password' Error:Field validation for 'Password' failed on the 'required' tag
[Service][2023-09-25 14:12:51] 2023/09/25 14:12:51 [Error] [ParentIdrequired] Key: 'UpdateGroupReq.ParentId' Error:Field validation for 'ParentId' failed on the 'required' tag
[Service][2023-09-25 14:34:27] 2023/09/25 14:34:27 [Error] [参数错误] 用户组不存在
[Service][2023-09-25 14:48:25] 2023/09/25 14:48:25 [Error] [参数错误] 用户组不存在
[Service][2023-09-25 14:48:49] 2023/09/25 14:48:49 [Error] [参数错误] 组名已被使用
[Service][2023-09-25 14:54:25] 2023/09/25 14:54:25 [Error] [参数错误] 组名已被使用
[Service][2023-09-25 17:13:11] 2023/09/25 17:13:11 [Error] [参数错误] strconv.ParseUint: parsing "{id}": invalid syntax
[Service][2023-09-25 17:16:33] 2023/09/25 17:16:33 [Error] [参数错误] strconv.ParseUint: parsing "{id}": invalid syntax
[Service][2023-09-25 17:17:34] 2023/09/25 17:17:34 [Error] [参数错误] strconv.ParseUint: parsing "{id}": invalid syntax
[Service][2023-09-25 17:50:01] 2023/09/25 17:50:01 [Error] [参数错误] strconv.ParseUint: parsing "{id}": invalid syntax
[Service][2023-09-25 17:50:28] 2023/09/25 17:50:28 [Error] [参数错误] strconv.ParseUint: parsing "{id}": invalid syntax
[Service][2023-09-25 17:57:42] 2023/09/25 17:57:42 [Error] [参数错误] strconv.ParseUint: parsing "": invalid syntax
[Service][2023-09-25 18:06:34] 2023/09/25 18:06:34 [Error] [参数错误] record not found
[Service][2023-09-25 18:26:32] 2023/09/25 18:26:32 [Error] [参数错误] 这些用户不存在
[Service][2023-09-25 18:35:36] 2023/09/25 18:35:36 [Error] [参数错误] [6 10 9] 这些用户不存在
[Service][2023-09-25 19:06:20] 2023/09/25 19:06:20 [Error] [参数错误] [6 10 9] 这些用户不存在
[Service][2023-09-25 19:06:21] 2023/09/25 19:06:21 [Error] [参数错误] [6 10 9] 这些用户不存在
[Service][2023-09-26 11:46:26] 2023/09/26 11:46:26 [Error] [参数错误] [6 10 9] 这些用户不存在
[Service][2023-09-26 11:47:18] 2023/09/26 11:47:18 [Error] [参数错误] [10] 这些用户不存在
[Service][2023-09-26 11:50:59] 2023/09/26 11:50:59 [Error] [参数错误] [10 11] 这些用户不存在
[Service][2023-09-26 11:51:22] 2023/09/26 11:51:22 [Error] [参数错误] record not found
[Service][2023-09-26 15:56:01] 2023/09/26 15:56:01 [Error] [获取用户个人信息失败] 查询用户关联组失败
[Service][2023-09-26 15:57:43] 2023/09/26 15:57:43 [Error] [获取用户个人信息失败] 查询用户关联组失败
[Service][2023-09-26 15:57:45] 2023/09/26 15:57:45 [Error] [获取用户个人信息失败] 查询用户关联组失败
[Service][2023-09-26 15:57:45] 2023/09/26 15:57:45 [Error] [获取用户个人信息失败] 查询用户关联组失败
[Service][2023-09-26 15:58:59] 2023/09/26 15:58:59 [Error] [获取用户个人信息失败] 查询用户关联组失败
[Service][2023-09-26 16:04:06] 2023/09/26 16:04:06 [Error] [获取用户个人信息失败] 查询用户失败
[Service][2023-09-26 16:04:59] 2023/09/26 16:04:59 [Error] [获取用户个人信息失败] 查询用户失败
[Service][2023-09-26 16:16:05] 2023/09/26 16:16:05 [Error] [获取用户个人信息失败] 查询用户失败
[Service][2023-09-26 16:18:12] 2023/09/26 16:18:12 [Error] [获取用户个人信息失败] 查询用户关联组失败
[Service][2023-09-26 16:18:52] 2023/09/26 16:18:52 [Error] [获取用户个人信息失败] unsupported relations: UserGroup
