[Project][2023-10-16 15:56:26] 2023/10/16 15:56:26 [Error] [获取项目拥有机器] 项目ID不存在
[Project][2023-10-17 12:02:36] 2023/10/17 12:02:36 [Error] [创建/修改项目] 项目名已被使用
[project][2023-10-17 12:02:42] 2023/10/17 12:02:42 [Error] [创建项目失败] Error 1452 (23000): Cannot add or update a child row: a foreign key constraint fails (`fqhWeb`.`fqh_project`, CONSTRAINT `fk_fqh_user_project` FOREIGN KEY (`user_id`) REFERENCES `fqh_user` (`id`))
[Project][2023-10-17 12:02:42] 2023/10/17 12:02:42 [Error] [创建/修改项目] 创建项目失败
[Project][2023-10-17 12:51:33] 2023/10/17 12:51:33 [Error] [获取项目拥有机器] 项目关联服务器查询失败
[Project][2023-10-20 17:58:22] 2023/10/20 17:58:22 [Error] [获取项目拥有机器] 项目ID不存在
[Project][2023-10-24 17:01:54] 2023/10/24 17:01:54 [Error] [创建/修改任务模板] 任务模板数据库查询失败
[Project][2023-10-24 17:02:01] 2023/10/24 17:02:01 [Error] [创建/修改任务模板] 任务模板数据库查询失败
[Project][2023-10-24 17:02:13] 2023/10/24 17:02:13 [Error] [创建/修改任务模板] 任务模板数据库查询失败
[Project][2023-10-24 17:02:18] 2023/10/24 17:02:18 [Error] [创建/修改任务模板] 任务模板数据库查询失败
[Project][2023-10-24 17:49:22] 2023/10/24 17:49:22 [Error] [创建/修改任务模板] 任务模板数据库查询失败
[Project][2023-10-24 17:50:58] 2023/10/24 17:50:58 [Error] [创建/修改任务模板] 任务模板数据库查询失败
[Project][2023-10-24 17:51:23] 2023/10/24 17:51:23 [Error] [创建/修改任务模板] 任务模板数据库查询失败
[Project][2023-10-24 17:51:58] 2023/10/24 17:51:58 [Error] [创建/修改任务模板] 任务模板数据库查询失败
[Project][2023-10-24 18:09:03] 2023/10/24 18:09:03 [Error] [创建/修改任务模板] 任务模板数据库查询失败
[Project][2023-10-24 18:10:09] 2023/10/24 18:10:09 [Error] [创建/修改任务模板] 任务模板数据库查询失败
[Project][2023-10-24 18:10:48] 2023/10/24 18:10:48 [Error] [创建/修改任务模板] 任务模板数据库查询失败
[Project][2023-10-24 18:15:14] 2023/10/24 18:15:14 [Error] [创建/修改任务模板] 任务模板数据库查询失败: sql: Scan error on column index 9, name "port_rule": unsupported Scan, storing driver.Value type []uint8 into type *[]string
[Project][2023-10-24 18:20:35] 2023/10/24 18:20:35 [Error] [创建/修改任务模板] 任务模板数据库查询失败: sql: Scan error on column index 9, name "port_rule": unsupported Scan, storing driver.Value type []uint8 into type *[]string
[Project][2023-10-24 18:30:53] 2023/10/24 18:30:53 [Error] [创建/修改任务模板] 任务模板数据库查询失败: sql: Scan error on column index 9, name "port_rule": unsupported Scan, storing driver.Value type []uint8 into type *[]string
[Project][2023-10-24 18:31:06] 2023/10/24 18:31:06 [Error] [创建/修改任务模板] 任务模板数据库查询失败: sql: Scan error on column index 9, name "port_rule": unsupported Scan, storing driver.Value type []uint8 into type *[]string
[Project][2023-10-24 18:31:12] 2023/10/24 18:31:12 [Error] [创建/修改任务模板] 任务模板数据库查询失败: sql: Scan error on column index 9, name "port_rule": unsupported Scan, storing driver.Value type []uint8 into type *[]string
[Project][2023-10-24 18:31:29] 2023/10/24 18:31:29 [Error] [创建/修改任务模板] 任务模板数据库查询失败: sql: Scan error on column index 9, name "port_rule": unsupported Scan, storing driver.Value type []uint8 into type *[]string
[Project][2023-10-24 18:31:39] 2023/10/24 18:31:39 [Error] [创建/修改任务模板] 任务模板数据库查询失败: sql: Scan error on column index 9, name "port_rule": unsupported Scan, storing driver.Value type []uint8 into type *[]string
[Project][2023-10-24 18:32:27] 2023/10/24 18:32:27 [Error] [创建/修改任务模板] 任务模板数据库查询失败: sql: Scan error on column index 9, name "port_rule": unsupported Scan, storing driver.Value type []uint8 into type *[]string
[Project][2023-10-24 18:32:53] 2023/10/24 18:32:53 [Error] [创建/修改任务模板] 任务模板数据库查询失败: sql: Scan error on column index 9, name "port_rule": unsupported Scan, storing driver.Value type []uint8 into type *[]string
[Project][2023-10-24 19:26:15] 2023/10/24 19:26:15 [Error] [创建/修改任务模板] 任务模板数据库查询失败: sql: Scan error on column index 9, name "port_rule": unsupported Scan, storing driver.Value type []uint8 into type *api.GormJson
[Project][2023-10-24 19:27:21] 2023/10/24 19:27:21 [Error] [创建/修改任务模板] 任务模板数据库查询失败: sql: Scan error on column index 9, name "port_rule": unsupported Scan, storing driver.Value type []uint8 into type *api.GormJson
[Project][2023-10-24 19:28:12] 2023/10/24 19:28:12 [Error] [创建/修改任务模板] 任务模板数据库查询失败: sql: Scan error on column index 9, name "port_rule": unsupported Scan, storing driver.Value type []uint8 into type *api.GormJson
[Project][2023-10-24 19:29:03] 2023/10/24 19:29:03 [Error] [创建/修改任务模板] 创建项目任务模板失败
[Project][2023-10-24 19:31:55] 2023/10/24 19:31:55 [Error] [创建/修改任务模板] 创建项目任务模板失败
[Project][2023-10-24 19:33:34] 2023/10/24 19:33:34 [Error] [创建/修改任务模板] 创建项目任务模板失败
[Project][2023-10-25 18:19:49] 2023/10/25 18:19:49 [Error] [创建/修改任务模板] 记录数查询失败
[Project][2023-10-25 18:20:10] 2023/10/25 18:20:10 [Error] [创建/修改任务模板] 记录数查询失败
[Project][2023-10-25 18:20:14] 2023/10/25 18:20:14 [Error] [创建/修改任务模板] 记录数查询失败
[Project][2023-10-25 18:20:51] 2023/10/25 18:20:51 [Error] [创建/修改任务模板] 记录数查询失败
